<?xml version="1.0" encoding="UTF-8"?>
<testsuite name="BookShelfProgressSpec" tests="2" skipped="2" failures="0" errors="0" timestamp="2020-07-22T17:16:18" hostname="Arpits-MacBook-Pro.local" time="0.001">
  <properties/>
  <testcase name="progress100PercentageUnread()" classname="BookShelfProgressSpec" time="0.001">
    <skipped/>
  </testcase>
  <testcase name="progressWithCompletedAndToReadPercentages()" classname="BookShelfProgressSpec" time="0.0">
    <skipped/>
  </testcase>
  <system-out><![CDATA[]]></system-out>
  <system-err><![CDATA[]]></system-err>
</testsuite>
