<?xml version="1.0" encoding="UTF-8"?>
<testsuite name="BookShelfSpec$BookShelfSearchSpec" tests="1" skipped="0" failures="0" errors="0" timestamp="2020-07-22T17:16:18" hostname="Arpits-MacBook-Pro.local" time="0.002">
  <properties/>
  <testcase name="shouldFindBooksWithTitleContainingText()" classname="BookShelfSpec$BookShelfSearchSpec" time="0.002"/>
  <system-out><![CDATA[]]></system-out>
  <system-err><![CDATA[]]></system-err>
</testsuite>
