<?xml version="1.0" encoding="UTF-8"?>
<testsuite name="BookFilterSpec$BookPublishedFilterSpec" tests="1" skipped="0" failures="0" errors="0" timestamp="2020-07-22T17:16:18" hostname="Arpits-MacBook-Pro.local" time="0.001">
  <properties/>
  <testcase name="validateBookPublishedDatePostAskedYear()" classname="BookFilterSpec$BookPublishedFilterSpec" time="0.001"/>
  <system-out><![CDATA[]]></system-out>
  <system-err><![CDATA[]]></system-err>
</testsuite>
