<?xml version="1.0" encoding="UTF-8"?>
<testsuite name="BookShelfSpec" tests="1" skipped="0" failures="0" errors="0" timestamp="2020-03-29T17:23:24" hostname="arpit-vaio" time="0.106">
  <properties/>
  <testcase name="groupBooksInsideBookShelfByPublicationYear()" classname="BookShelfSpec" time="0.106"/>
  <system-out><![CDATA[]]></system-out>
  <system-err><![CDATA[]]></system-err>
</testsuite>
