<?xml version="1.0" encoding="UTF-8"?>
<testsuite name="BookShelfSpec$BooksAreAdded" tests="2" skipped="0" failures="0" errors="0" timestamp="2020-07-22T17:16:18" hostname="Arpits-MacBook-Pro.local" time="0.002">
  <properties/>
  <testcase name="bookShelfContainsTwoBooksWhenTwoBooksAdded()" classname="BookShelfSpec$BooksAreAdded" time="0.001"/>
  <testcase name="booksReturnedFromBookShelfIsImmutableForClient()" classname="BookShelfSpec$BooksAreAdded" time="0.001"/>
  <system-out><![CDATA[]]></system-out>
  <system-err><![CDATA[]]></system-err>
</testsuite>
